0 info it worked if it ends with ok
1 verbose cli [ '/usr/bin/nodejs', '/usr/bin/npm', 'run', 'json-server-start' ]
2 info using npm@4.0.5
3 info using node@v7.4.0
4 verbose run-script [ 'prejson-server-start',
4 verbose run-script   'json-server-start',
4 verbose run-script   'postjson-server-start' ]
5 info lifecycle Ally@0.1.0~prejson-server-start: Ally@0.1.0
6 silly lifecycle Ally@0.1.0~prejson-server-start: no script for prejson-server-start, continuing
7 info lifecycle Ally@0.1.0~json-server-start: Ally@0.1.0
8 verbose lifecycle Ally@0.1.0~json-server-start: unsafe-perm in lifecycle true
9 verbose lifecycle Ally@0.1.0~json-server-start: PATH: /usr/lib/node_modules/npm/bin/node-gyp-bin:/home/hlnsib005/Desktop/AH/Ally/node_modules/.bin:/usr/lib/node_modules/npm/bin/node-gyp-bin:/home/hlnsib005/Desktop/AH/Ally/node_modules/.bin:/usr/local/sbin:/usr/local/bin:/usr/sbin:/usr/bin:/sbin:/bin:/usr/games:/usr/local/games
10 verbose lifecycle Ally@0.1.0~json-server-start: CWD: /home/hlnsib005/Desktop/AH/Ally
11 silly lifecycle Ally@0.1.0~json-server-start: Args: [ '-c',
11 silly lifecycle   'json-server --watch src/jsonserver/db.json --port 3002' ]
12 silly lifecycle Ally@0.1.0~json-server-start: Returned: code: 1  signal: null
13 info lifecycle Ally@0.1.0~json-server-start: Failed to exec json-server-start script
14 verbose stack Error: Ally@0.1.0 json-server-start: `json-server --watch src/jsonserver/db.json --port 3002`
14 verbose stack Exit status 1
14 verbose stack     at EventEmitter.<anonymous> (/usr/lib/node_modules/npm/lib/utils/lifecycle.js:279:16)
14 verbose stack     at emitTwo (events.js:106:13)
14 verbose stack     at EventEmitter.emit (events.js:191:7)
14 verbose stack     at ChildProcess.<anonymous> (/usr/lib/node_modules/npm/lib/utils/spawn.js:40:14)
14 verbose stack     at emitTwo (events.js:106:13)
14 verbose stack     at ChildProcess.emit (events.js:191:7)
14 verbose stack     at maybeClose (internal/child_process.js:885:16)
14 verbose stack     at Process.ChildProcess._handle.onexit (internal/child_process.js:226:5)
15 verbose pkgid Ally@0.1.0
16 verbose cwd /home/hlnsib005/Desktop/AH/Ally
17 error Linux 3.19.0-25-generic
18 error argv "/usr/bin/nodejs" "/usr/bin/npm" "run" "json-server-start"
19 error node v7.4.0
20 error npm  v4.0.5
21 error code ELIFECYCLE
22 error Ally@0.1.0 json-server-start: `json-server --watch src/jsonserver/db.json --port 3002`
22 error Exit status 1
23 error Failed at the Ally@0.1.0 json-server-start script 'json-server --watch src/jsonserver/db.json --port 3002'.
23 error Make sure you have the latest version of node.js and npm installed.
23 error If you do, this is most likely a problem with the Ally package,
23 error not with npm itself.
23 error Tell the author that this fails on your system:
23 error     json-server --watch src/jsonserver/db.json --port 3002
23 error You can get information on how to open an issue for this project with:
23 error     npm bugs Ally
23 error Or if that isn't available, you can get their info via:
23 error     npm owner ls Ally
23 error There is likely additional logging output above.
24 verbose exit [ 1, true ]
